d:\michael\other stuff\c++\mdsopengl - copy\mdsopengl\debug\vc143.pdb
d:\michael\other stuff\c++\mdsopengl - copy\mdsopengl\debug\vc143.idb
d:\michael\other stuff\c++\mdsopengl - copy\mdsopengl\debug\stb.obj
d:\michael\other stuff\c++\mdsopengl - copy\mdsopengl\debug\main.obj
d:\michael\other stuff\c++\mdsopengl - copy\mdsopengl\debug\vertexbuffer.obj
d:\michael\other stuff\c++\mdsopengl - copy\mdsopengl\debug\vertexarray.obj
d:\michael\other stuff\c++\mdsopengl - copy\mdsopengl\debug\texture.obj
d:\michael\other stuff\c++\mdsopengl - copy\mdsopengl\debug\shader.obj
d:\michael\other stuff\c++\mdsopengl - copy\mdsopengl\debug\model.obj
d:\michael\other stuff\c++\mdsopengl - copy\mdsopengl\debug\mesh.obj
d:\michael\other stuff\c++\mdsopengl - copy\mdsopengl\debug\elementbuffer.obj
d:\michael\other stuff\c++\mdsopengl - copy\mdsopengl\debug\camera.obj
d:\michael\other stuff\c++\mdsopengl - copy\debug\mdsopengl.pdb
d:\michael\other stuff\c++\mdsopengl - copy\mdsopengl\debug\mdsopengl.tlog\cl.command.1.tlog
d:\michael\other stuff\c++\mdsopengl - copy\mdsopengl\debug\mdsopengl.tlog\cl.read.1.tlog
d:\michael\other stuff\c++\mdsopengl - copy\mdsopengl\debug\mdsopengl.tlog\cl.write.1.tlog
d:\michael\other stuff\c++\mdsopengl - copy\mdsopengl\debug\mdsopengl.tlog\link-cvtres.read.1.tlog
d:\michael\other stuff\c++\mdsopengl - copy\mdsopengl\debug\mdsopengl.tlog\link-cvtres.write.1.tlog
d:\michael\other stuff\c++\mdsopengl - copy\mdsopengl\debug\mdsopengl.tlog\link-rc.read.1.tlog
d:\michael\other stuff\c++\mdsopengl - copy\mdsopengl\debug\mdsopengl.tlog\link-rc.write.1.tlog
d:\michael\other stuff\c++\mdsopengl - copy\mdsopengl\debug\mdsopengl.tlog\link.14848-cvtres.read.1.tlog
d:\michael\other stuff\c++\mdsopengl - copy\mdsopengl\debug\mdsopengl.tlog\link.14848-cvtres.write.1.tlog
d:\michael\other stuff\c++\mdsopengl - copy\mdsopengl\debug\mdsopengl.tlog\link.14848-rc.read.1.tlog
d:\michael\other stuff\c++\mdsopengl - copy\mdsopengl\debug\mdsopengl.tlog\link.14848-rc.write.1.tlog
d:\michael\other stuff\c++\mdsopengl - copy\mdsopengl\debug\mdsopengl.tlog\link.14848.read.1.tlog
d:\michael\other stuff\c++\mdsopengl - copy\mdsopengl\debug\mdsopengl.tlog\link.14848.write.1.tlog
d:\michael\other stuff\c++\mdsopengl - copy\mdsopengl\debug\mdsopengl.tlog\link.command.1.tlog
d:\michael\other stuff\c++\mdsopengl - copy\mdsopengl\debug\mdsopengl.tlog\link.read.1.tlog
d:\michael\other stuff\c++\mdsopengl - copy\mdsopengl\debug\mdsopengl.tlog\link.write.1.tlog
